\BOOKMARK [1][-]{section.1}{Questions 1}{}% 1
\BOOKMARK [2][-]{subsection.1.1}{Outlier}{section.1}% 2
\BOOKMARK [2][-]{subsection.1.2}{K-means}{section.1}% 3
\BOOKMARK [3][-]{subsubsection.1.2.1}{Basic Idea}{subsection.1.2}% 4
\BOOKMARK [3][-]{subsubsection.1.2.2}{Algorithm}{subsection.1.2}% 5
\BOOKMARK [3][-]{subsubsection.1.2.3}{Implementation}{subsection.1.2}% 6
\BOOKMARK [3][-]{subsubsection.1.2.4}{Intuition}{subsection.1.2}% 7
\BOOKMARK [2][-]{subsection.1.3}{Expectation Maximization}{section.1}% 8
\BOOKMARK [1][-]{section.2}{Question 2}{}% 9
\BOOKMARK [2][-]{subsection.2.1}{Decision Tree}{section.2}% 10
\BOOKMARK [2][-]{subsection.2.2}{Random Forest}{section.2}% 11
\BOOKMARK [1][-]{section.3}{Question 3}{}% 12
\BOOKMARK [2][-]{subsection.3.1}{Sensitivity and Specificity}{section.3}% 13
\BOOKMARK [1][-]{section.4}{Question 4}{}% 14
\BOOKMARK [1][-]{section.5}{Question 5}{}% 15
\BOOKMARK [2][-]{subsection.5.1}{Anomaly Detection}{section.5}% 16
\BOOKMARK [2][-]{subsection.5.2}{K Nearest Neighbor}{section.5}% 17
\BOOKMARK [2][-]{subsection.5.3}{XGBoost}{section.5}% 18
\BOOKMARK [2][-]{subsection.5.4}{Density-based spatial clustering of applications with noise \(DBSCAN\)}{section.5}% 19
\BOOKMARK [1][-]{section.6}{Question 6}{}% 20
\BOOKMARK [1][-]{section.7}{Question 7}{}% 21
\BOOKMARK [1][-]{section.8}{Question 8}{}% 22
\BOOKMARK [2][-]{subsection.8.1}{Random Forest Regress-or}{section.8}% 23
\BOOKMARK [1][-]{section.9}{Question 9}{}% 24
\BOOKMARK [1][-]{section.10}{Question 10}{}% 25
\BOOKMARK [1][-]{section.11}{Question 12}{}% 26
\BOOKMARK [1][-]{section.12}{Question 13}{}% 27
\BOOKMARK [2][-]{subsection.12.1}{Bagging Algorithm}{section.12}% 28
\BOOKMARK [1][-]{section.13}{Question 14}{}% 29
\BOOKMARK [1][-]{section.14}{Question 15}{}% 30
\BOOKMARK [1][-]{section.15}{Question 16}{}% 31
\BOOKMARK [1][-]{section.16}{Question 17}{}% 32
\BOOKMARK [1][-]{section.17}{Question 18}{}% 33
\BOOKMARK [1][-]{section.18}{Question 19}{}% 34
\BOOKMARK [1][-]{section.19}{Question 20}{}% 35
\BOOKMARK [1][-]{section.20}{Data Scientist Work Process}{}% 36
